#
# There is insufficient memory for the Java Runtime Environment to continue.
# Native memory allocation (mmap) failed to map 1048576 bytes for G1 virtual space
# Possible reasons:
#   The system is out of physical RAM or swap space
#   The process is running with CompressedOops enabled, and the Java Heap may be blocking the growth of the native heap
# Possible solutions:
#   Reduce memory load on the system
#   Increase physical memory or swap space
#   Check if swap backing store is full
#   Decrease Java heap size (-Xmx/-Xms)
#   Decrease number of Java threads
#   Decrease Java thread stack sizes (-Xss)
#   Set larger code cache with -XX:ReservedCodeCacheSize=
#   JVM is running with Unscaled Compressed Oops mode in which the Java heap is
#     placed in the first 4GB address space. The Java Heap base address is the
#     maximum limit for the native heap growth. Please use -XX:HeapBaseMinAddress
#     to set the Java Heap base and to place the Java Heap above 4GB virtual address.
# This output file may be truncated or incomplete.
#
#  Out of Memory Error (os_windows.cpp:3528), pid=8244, tid=8976
#
# JRE version: OpenJDK Runtime Environment (20.0.2+9) (build 20.0.2+9-78)
# Java VM: OpenJDK 64-Bit Server VM (20.0.2+9-78, mixed mode, emulated-client, sharing, tiered, compressed oops, compressed class ptrs, g1 gc, windows-amd64)
# No core dump will be written. Minidumps are not enabled by default on client versions of Windows
#

---------------  S U M M A R Y ------------

Command Line: -XX:TieredStopAtLevel=1 -Dspring.output.ansi.enabled=always -Dcom.sun.management.jmxremote -Dspring.jmx.enabled=true -Dspring.liveBeansView.mbeanDomain -Dspring.application.admin.enabled=true -Dmanagement.endpoints.jmx.exposure.include=* -javaagent:D:\IntelliJ IDEA 2023.2.2\lib\idea_rt.jar=54721:D:\IntelliJ IDEA 2023.2.2\bin -Dfile.encoding=UTF-8 -Dsun.stdout.encoding=UTF-8 -Dsun.stderr.encoding=UTF-8 com.demo.homemate.Main

Host: Intel(R) Core(TM) i5-7200U CPU @ 2.50GHz, 4 cores, 3G,  Windows 10 , 64 bit Build 19041 (10.0.19041.3570)
Time: Mon Oct 23 17:50:08 2023 SE Asia Standard Time elapsed time: 10.891445 seconds (0d 0h 0m 10s)

---------------  T H R E A D  ---------------

Current thread (0x000001cb08a9abe0):  WorkerThread "GC Thread#1" [stack: 0x00000052d2900000,0x00000052d2a00000] [id=8976]

Stack: [0x00000052d2900000,0x00000052d2a00000]
Native frames: (J=compiled Java code, j=interpreted, Vv=VM code, C=native code)
V  [jvm.dll+0x6bc25a]
V  [jvm.dll+0x84971a]
V  [jvm.dll+0x84b315]
V  [jvm.dll+0x84ba13]
V  [jvm.dll+0x280e4f]
V  [jvm.dll+0x6b8fe9]
V  [jvm.dll+0x6adbca]
V  [jvm.dll+0x35b165]
V  [jvm.dll+0x363386]
V  [jvm.dll+0x3b3d0b]
V  [jvm.dll+0x3b4384]
V  [jvm.dll+0x3b444d]
V  [jvm.dll+0x32d135]
V  [jvm.dll+0x32ce95]
V  [jvm.dll+0x31cfa6]
V  [jvm.dll+0x31df7a]
V  [jvm.dll+0x31e380]
V  [jvm.dll+0x31de7e]
V  [jvm.dll+0x35cf96]
V  [jvm.dll+0x35d2ed]
V  [jvm.dll+0x35e43a]
V  [jvm.dll+0x372bd4]
V  [jvm.dll+0x37330a]
V  [jvm.dll+0x373407]
V  [jvm.dll+0x3743bb]
V  [jvm.dll+0x876b17]
V  [jvm.dll+0x7f5c76]
V  [jvm.dll+0x6baecb]
C  [ucrtbase.dll+0x21bb2]
C  [KERNEL32.DLL+0x17344]
C  [ntdll.dll+0x526b1]


---------------  P R O C E S S  ---------------

Threads class SMR info:
_java_thread_list=0x000001cb0a44f960, length=22, elements={
0x000001cab4730210, 0x000001cb0413f1e0, 0x000001cb0413ffe0, 0x000001cb04142f70,
0x000001cb04143b70, 0x000001cb041454c0, 0x000001cb04145e00, 0x000001cb04152c70,
0x000001cb0411c330, 0x000001cb08467450, 0x000001cb08892770, 0x000001cb08899800,
0x000001cb088ad9d0, 0x000001cb08b1cff0, 0x000001cb08ec0060, 0x000001cb08e8da20,
0x000001cb09b257c0, 0x000001cb09498f50, 0x000001cb09f60070, 0x000001cb09f605c0,
0x000001cb09f61b00, 0x000001cb09f62050
}

Java Threads: ( => current thread )
  0x000001cab4730210 JavaThread "main" [_thread_blocked, id=13416, stack(0x00000052d1600000,0x00000052d1700000)]
  0x000001cb0413f1e0 JavaThread "Reference Handler" daemon [_thread_blocked, id=16308, stack(0x00000052d1d00000,0x00000052d1e00000)]
  0x000001cb0413ffe0 JavaThread "Finalizer" daemon [_thread_blocked, id=420, stack(0x00000052d1e00000,0x00000052d1f00000)]
  0x000001cb04142f70 JavaThread "Signal Dispatcher" daemon [_thread_blocked, id=7540, stack(0x00000052d1f00000,0x00000052d2000000)]
  0x000001cb04143b70 JavaThread "Attach Listener" daemon [_thread_blocked, id=4644, stack(0x00000052d2000000,0x00000052d2100000)]
  0x000001cb041454c0 JavaThread "Service Thread" daemon [_thread_blocked, id=15428, stack(0x00000052d2100000,0x00000052d2200000)]
  0x000001cb04145e00 JavaThread "Monitor Deflation Thread" daemon [_thread_blocked, id=9672, stack(0x00000052d2200000,0x00000052d2300000)]
  0x000001cb04152c70 JavaThread "C1 CompilerThread0" daemon [_thread_blocked, id=7592, stack(0x00000052d2300000,0x00000052d2400000)]
  0x000001cb0411c330 JavaThread "Common-Cleaner" daemon [_thread_blocked, id=14208, stack(0x00000052d2400000,0x00000052d2500000)]
  0x000001cb08467450 JavaThread "Monitor Ctrl-Break" daemon [_thread_in_native, id=15364, stack(0x00000052d2500000,0x00000052d2600000)]
  0x000001cb08892770 JavaThread "Notification Thread" daemon [_thread_blocked, id=3212, stack(0x00000052d2600000,0x00000052d2700000)]
  0x000001cb08899800 JavaThread "C1 CompilerThread1" daemon [_thread_blocked, id=9000, stack(0x00000052d2700000,0x00000052d2800000)]
  0x000001cb088ad9d0 JavaThread "C1 CompilerThread2" daemon [_thread_blocked, id=14200, stack(0x00000052d2800000,0x00000052d2900000)]
  0x000001cb08b1cff0 JavaThread "RMI TCP Accept-0" daemon [_thread_in_native, id=13952, stack(0x00000052d2c00000,0x00000052d2d00000)]
  0x000001cb08ec0060 JavaThread "Thread-0" [_thread_blocked, id=4432, stack(0x00000052d2e00000,0x00000052d2f00000)]
  0x000001cb08e8da20 JavaThread "restartedMain" [_thread_blocked, id=7384, stack(0x00000052d2f00000,0x00000052d3000000)]
  0x000001cb09b257c0 JavaThread "Catalina-utility-1" [_thread_blocked, id=11688, stack(0x00000052d3000000,0x00000052d3100000)]
  0x000001cb09498f50 JavaThread "Catalina-utility-2" [_thread_blocked, id=11200, stack(0x00000052d3100000,0x00000052d3200000)]
  0x000001cb09f60070 JavaThread "container-0" [_thread_blocked, id=256, stack(0x00000052d3200000,0x00000052d3300000)]
  0x000001cb09f605c0 JavaThread "mysql-cj-abandoned-connection-cleanup" daemon [_thread_blocked, id=7120, stack(0x00000052d3300000,0x00000052d3400000)]
  0x000001cb09f61b00 JavaThread "HikariPool-1 housekeeper" daemon [_thread_blocked, id=1320, stack(0x00000052d3500000,0x00000052d3600000)]
  0x000001cb09f62050 JavaThread "HikariPool-1 connection adder" daemon [_thread_blocked, id=1088, stack(0x00000052d3600000,0x00000052d3700000)]

Other Threads:
  0x000001cab47ee5a0 VMThread "VM Thread" [stack: 0x00000052d1c00000,0x00000052d1d00000] [id=12352]
  0x000001cb08b1d540 WatcherThread "VM Periodic Task Thread" [stack: 0x00000052d2d00000,0x00000052d2e00000] [id=2344]
  0x000001cab47700e0 WorkerThread "GC Thread#0" [stack: 0x00000052d1700000,0x00000052d1800000] [id=2948]
=>0x000001cb08a9abe0 WorkerThread "GC Thread#1" [stack: 0x00000052d2900000,0x00000052d2a00000] [id=8976]
  0x000001cb08ab19e0 WorkerThread "GC Thread#2" [stack: 0x00000052d2a00000,0x00000052d2b00000] [id=14040]
  0x000001cb08ab20c0 WorkerThread "GC Thread#3" [stack: 0x00000052d2b00000,0x00000052d2c00000] [id=1020]
  0x000001cab4778da0 ConcurrentGCThread "G1 Main Marker" [stack: 0x00000052d1800000,0x00000052d1900000] [id=13684]
  0x000001cab4779e80 WorkerThread "G1 Conc#0" [stack: 0x00000052d1900000,0x00000052d1a00000] [id=14576]
  0x000001cab47cbbe0 ConcurrentGCThread "G1 Refine#0" [stack: 0x00000052d1a00000,0x00000052d1b00000] [id=4788]
  0x000001cab47cd5a0 ConcurrentGCThread "G1 Service" [stack: 0x00000052d1b00000,0x00000052d1c00000] [id=3244]

Threads with active compile tasks:
C1 CompilerThread0    10940 4898       1       org.hibernate.cfg.ClassPropertyHolder::getPersistentClass (5 bytes)
C1 CompilerThread2    10940 4899   !   1       org.hibernate.cfg.BinderHelper::getOverridableAnnotation (300 bytes)

VM state: at safepoint (normal execution)

VM Mutex/Monitor currently owned by a thread:  ([mutex/lock_event])
[0x000001cab4729000] FreeList_lock - owner thread: 0x000001cb08a9abe0
[0x000001cab472af30] Threads_lock - owner thread: 0x000001cab47ee5a0
[0x000001cab472bef0] Heap_lock - owner thread: 0x000001cb08e8da20

Heap address: 0x00000000c1800000, size: 1000 MB, Compressed Oops mode: 32-bit

CDS archive(s) mapped at: [0x000001cac3000000-0x000001cac3c60000-0x000001cac3c60000), size 12976128, SharedBaseAddress: 0x000001cac3000000, ArchiveRelocationMode: 1.
Compressed class space mapped at: 0x000001cac4000000-0x000001cb04000000, reserved size: 1073741824
Narrow klass base: 0x000001cac3000000, Narrow klass shift: 0, Narrow klass range: 0x100000000

GC Precious Log:
 CardTable entry size: 512
 Card Set container configuration: InlinePtr #cards 5 size 8 Array Of Cards #cards 12 size 40 Howl #buckets 4 coarsen threshold 1843 Howl Bitmap #cards 512 size 80 coarsen threshold 460 Card regions per heap region 1 cards per card region 2048
 CPUs: 4 total, 4 available
 Memory: 3994M
 Large Page Support: Disabled
 NUMA Support: Disabled
 Compressed Oops: Enabled (32-bit)
 Heap Region Size: 1M
 Heap Min Capacity: 8M
 Heap Initial Capacity: 64M
 Heap Max Capacity: 1000M
 Pre-touch: Disabled
 Parallel Workers: 4
 Concurrent Workers: 1
 Concurrent Refinement Workers: 4
 Periodic GC: Disabled

Heap:
 garbage-first heap   total 51200K, used 44463K [0x00000000c1800000, 0x0000000100000000)
  region size 1024K, 24 young (24576K), 3 survivors (3072K)
 Metaspace       used 47381K, committed 47936K, reserved 1114112K
  class space    used 6423K, committed 6656K, reserved 1048576K

Heap Regions: E=young(eden), S=young(survivor), O=old, HS=humongous(starts), HC=humongous(continues), CS=collection set, F=free, OA=open archive, CA=closed archive, TAMS=top-at-mark-start, PB=parsable bottom
|   0|0x00000000c1800000, 0x00000000c1900000, 0x00000000c1900000|100%|HS|  |TAMS 0x00000000c1800000| PB 0x00000000c1800000| Complete 
|   1|0x00000000c1900000, 0x00000000c1a00000, 0x00000000c1a00000|100%| O|  |TAMS 0x00000000c1900000| PB 0x00000000c1900000| Untracked 
|   2|0x00000000c1a00000, 0x00000000c1b00000, 0x00000000c1b00000|100%| O|  |TAMS 0x00000000c1a00000| PB 0x00000000c1a00000| Untracked 
|   3|0x00000000c1b00000, 0x00000000c1c00000, 0x00000000c1c00000|100%| O|  |TAMS 0x00000000c1b00000| PB 0x00000000c1b00000| Untracked 
|   4|0x00000000c1c00000, 0x00000000c1d00000, 0x00000000c1d00000|100%| O|  |TAMS 0x00000000c1c00000| PB 0x00000000c1c00000| Untracked 
|   5|0x00000000c1d00000, 0x00000000c1e00000, 0x00000000c1e00000|100%| O|  |TAMS 0x00000000c1d00000| PB 0x00000000c1d00000| Untracked 
|   6|0x00000000c1e00000, 0x00000000c1f00000, 0x00000000c1f00000|100%| O|  |TAMS 0x00000000c1e00000| PB 0x00000000c1e00000| Untracked 
|   7|0x00000000c1f00000, 0x00000000c2000000, 0x00000000c2000000|100%| O|  |TAMS 0x00000000c1f00000| PB 0x00000000c1f00000| Untracked 
|   8|0x00000000c2000000, 0x00000000c2100000, 0x00000000c2100000|100%| O|  |TAMS 0x00000000c2000000| PB 0x00000000c2000000| Untracked 
|   9|0x00000000c2100000, 0x00000000c2200000, 0x00000000c2200000|100%| O|  |TAMS 0x00000000c2100000| PB 0x00000000c2100000| Untracked 
|  10|0x00000000c2200000, 0x00000000c2300000, 0x00000000c2300000|100%| O|  |TAMS 0x00000000c2200000| PB 0x00000000c2200000| Untracked 
|  11|0x00000000c2300000, 0x00000000c2400000, 0x00000000c2400000|100%| O|  |TAMS 0x00000000c2300000| PB 0x00000000c2300000| Untracked 
|  12|0x00000000c2400000, 0x00000000c2500000, 0x00000000c2500000|100%| O|CS|TAMS 0x00000000c2400000| PB 0x00000000c2400000| Complete 
|  13|0x00000000c2500000, 0x00000000c2600000, 0x00000000c2600000|100%| O|  |TAMS 0x00000000c2500000| PB 0x00000000c2500000| Untracked 
|  14|0x00000000c2600000, 0x00000000c2700000, 0x00000000c2700000|100%| O|  |TAMS 0x00000000c2600000| PB 0x00000000c2600000| Untracked 
|  15|0x00000000c2700000, 0x00000000c2800000, 0x00000000c2800000|100%| O|  |TAMS 0x00000000c2700000| PB 0x00000000c2700000| Untracked 
|  16|0x00000000c2800000, 0x00000000c2900000, 0x00000000c2900000|100%| O|  |TAMS 0x00000000c2800000| PB 0x00000000c2800000| Untracked 
|  17|0x00000000c2900000, 0x00000000c2a00000, 0x00000000c2a00000|100%| O|  |TAMS 0x00000000c2900000| PB 0x00000000c2900000| Untracked 
|  18|0x00000000c2a00000, 0x00000000c2b00000, 0x00000000c2b00000|100%| O|  |TAMS 0x00000000c2a00000| PB 0x00000000c2a00000| Untracked 
|  19|0x00000000c2b00000, 0x00000000c2c00000, 0x00000000c2c00000|100%| O|  |TAMS 0x00000000c2b00000| PB 0x00000000c2b00000| Untracked 
|  20|0x00000000c2c00000, 0x00000000c2d00000, 0x00000000c2d00000|100%| O|  |TAMS 0x00000000c2c00000| PB 0x00000000c2c00000| Untracked 
|  21|0x00000000c2d00000, 0x00000000c2d80d30, 0x00000000c2e00000| 50%| S|  |TAMS 0x00000000c2d00000| PB 0x00000000c2d00000| Complete 
|  22|0x00000000c2e00000, 0x00000000c2f00000, 0x00000000c2f00000|100%| O|  |TAMS 0x00000000c2e00000| PB 0x00000000c2e00000| Untracked 
|  23|0x00000000c2f00000, 0x00000000c3000000, 0x00000000c3000000|100%| O|  |TAMS 0x00000000c2f00000| PB 0x00000000c2f00000| Untracked 
|  24|0x00000000c3000000, 0x00000000c30cd230, 0x00000000c3100000| 80%| E|CS|TAMS 0x00000000c3000000| PB 0x00000000c3000000| Complete 
|  25|0x00000000c3100000, 0x00000000c3200000, 0x00000000c3200000|100%| E|CS|TAMS 0x00000000c3100000| PB 0x00000000c3100000| Complete 
|  26|0x00000000c3200000, 0x00000000c3300000, 0x00000000c3300000|100%| E|CS|TAMS 0x00000000c3200000| PB 0x00000000c3200000| Complete 
|  27|0x00000000c3300000, 0x00000000c3400000, 0x00000000c3400000|100%| S|  |TAMS 0x00000000c3300000| PB 0x00000000c3300000| Complete 
|  28|0x00000000c3400000, 0x00000000c3500000, 0x00000000c3500000|100%| S|  |TAMS 0x00000000c3400000| PB 0x00000000c3400000| Complete 
|  29|0x00000000c3500000, 0x00000000c3600000, 0x00000000c3600000|100%| E|CS|TAMS 0x00000000c3500000| PB 0x00000000c3500000| Complete 
|  30|0x00000000c3600000, 0x00000000c3700000, 0x00000000c3700000|100%| E|CS|TAMS 0x00000000c3600000| PB 0x00000000c3600000| Complete 
|  31|0x00000000c3700000, 0x00000000c3800000, 0x00000000c3800000|100%| E|CS|TAMS 0x00000000c3700000| PB 0x00000000c3700000| Complete 
|  32|0x00000000c3800000, 0x00000000c3900000, 0x00000000c3900000|100%| E|CS|TAMS 0x00000000c3800000| PB 0x00000000c3800000| Complete 
|  33|0x00000000c3900000, 0x00000000c3a00000, 0x00000000c3a00000|100%| E|CS|TAMS 0x00000000c3900000| PB 0x00000000c3900000| Complete 
|  34|0x00000000c3a00000, 0x00000000c3b00000, 0x00000000c3b00000|100%| E|CS|TAMS 0x00000000c3a00000| PB 0x00000000c3a00000| Complete 
|  35|0x00000000c3b00000, 0x00000000c3c00000, 0x00000000c3c00000|100%| E|CS|TAMS 0x00000000c3b00000| PB 0x00000000c3b00000| Complete 
|  36|0x00000000c3c00000, 0x00000000c3d00000, 0x00000000c3d00000|100%| E|CS|TAMS 0x00000000c3c00000| PB 0x00000000c3c00000| Complete 
|  37|0x00000000c3d00000, 0x00000000c3e00000, 0x00000000c3e00000|100%| E|CS|TAMS 0x00000000c3d00000| PB 0x00000000c3d00000| Complete 
|  38|0x00000000c3e00000, 0x00000000c3f00000, 0x00000000c3f00000|100%| E|CS|TAMS 0x00000000c3e00000| PB 0x00000000c3e00000| Complete 
|  39|0x00000000c3f00000, 0x00000000c4000000, 0x00000000c4000000|100%| E|CS|TAMS 0x00000000c3f00000| PB 0x00000000c3f00000| Complete 
|  40|0x00000000c4000000, 0x00000000c4100000, 0x00000000c4100000|100%| E|CS|TAMS 0x00000000c4000000| PB 0x00000000c4000000| Complete 
|  41|0x00000000c4100000, 0x00000000c4200000, 0x00000000c4200000|100%| E|CS|TAMS 0x00000000c4100000| PB 0x00000000c4100000| Complete 
|  42|0x00000000c4200000, 0x00000000c4300000, 0x00000000c4300000|100%| E|CS|TAMS 0x00000000c4200000| PB 0x00000000c4200000| Complete 
|  43|0x00000000c4300000, 0x00000000c4400000, 0x00000000c4400000|100%| E|CS|TAMS 0x00000000c4300000| PB 0x00000000c4300000| Complete 
|  44|0x00000000c4400000, 0x00000000c4500000, 0x00000000c4500000|100%| E|CS|TAMS 0x00000000c4400000| PB 0x00000000c4400000| Complete 
|  54|0x00000000c4e00000, 0x00000000c4f00000, 0x00000000c4f00000|100%| E|CS|TAMS 0x00000000c4e00000| PB 0x00000000c4e00000| Complete 
|  55|0x00000000c4f00000, 0x00000000c5000000, 0x00000000c5000000|100%| E|CS|TAMS 0x00000000c4f00000| PB 0x00000000c4f00000| Complete 
|  56|0x00000000c5000000, 0x00000000c5100000, 0x00000000c5100000|100%| E|CS|TAMS 0x00000000c5000000| PB 0x00000000c5000000| Complete 
|  57|0x00000000c5100000, 0x00000000c5200000, 0x00000000c5200000|100%| E|CS|TAMS 0x00000000c5100000| PB 0x00000000c5100000| Complete 
|  63|0x00000000c5700000, 0x00000000c5800000, 0x00000000c5800000|100%| E|CS|TAMS 0x00000000c5700000| PB 0x00000000c5700000| Complete 

Card table byte_map: [0x000001cabf7f0000,0x000001cabf9f0000] _byte_map_base: 0x000001cabf1e4000

Marking Bits: (CMBitMap*) 0x000001cab4770620
 Bits: [0x000001cabfbf0000, 0x000001cac0b90000)

Polling page: 0x000001cab2700000

Metaspace:

Usage:
  Non-class:     40.00 MB used.
      Class:      6.27 MB used.
       Both:     46.27 MB used.

Virtual space:
  Non-class space:       64.00 MB reserved,      40.31 MB ( 63%) committed,  1 nodes.
      Class space:        1.00 GB reserved,       6.50 MB ( <1%) committed,  1 nodes.
             Both:        1.06 GB reserved,      46.81 MB (  4%) committed. 

Chunk freelists:
   Non-Class:  3.39 MB
       Class:  1.52 MB
        Both:  4.91 MB

MaxMetaspaceSize: unlimited
CompressedClassSpaceSize: 1.00 GB
Initial GC threshold: 21.00 MB
Current GC threshold: 59.00 MB
CDS: on
MetaspaceReclaimPolicy: balanced
 - commit_granule_bytes: 65536.
 - commit_granule_words: 8192.
 - virtual_space_node_default_size: 8388608.
 - enlarge_chunks_in_place: 1.
 - new_chunks_are_fully_committed: 0.
 - uncommit_free_chunks: 1.
 - use_allocation_guard: 0.


Internal statistics:

num_allocs_failed_limit: 6.
num_arena_births: 730.
num_arena_deaths: 0.
num_vsnodes_births: 2.
num_vsnodes_deaths: 0.
num_space_committed: 749.
num_space_uncommitted: 0.
num_chunks_returned_to_freelist: 6.
num_chunks_taken_from_freelist: 2239.
num_chunk_merges: 6.
num_chunk_splits: 1603.
num_chunks_enlarged: 1233.
num_inconsistent_stats: 0.

CodeCache: size=49152Kb used=10129Kb max_used=10129Kb free=39023Kb
 bounds [0x000001cabc7f0000, 0x000001cabd1e0000, 0x000001cabf7f0000]
 total_blobs=5506 nmethods=4852 adapters=576
 compilation: enabled
              stopped_count=0, restarted_count=0
 full_count=0

Compilation events (20 events):
Event: 10.879 Thread 0x000001cb08899800 nmethod 4888 0x000001cabd1d0790 code [0x000001cabd1d0920, 0x000001cabd1d0b30]
Event: 10.879 Thread 0x000001cb04152c70 4890       1       org.hibernate.annotations.common.reflection.java.JavaXAnnotatedElement::<init> (15 bytes)
Event: 10.879 Thread 0x000001cb088ad9d0 nmethod 4887 0x000001cabd1d0c90 code [0x000001cabd1d0e40, 0x000001cabd1d10f0]
Event: 10.879 Thread 0x000001cb08899800 4892       1       org.hibernate.annotations.common.reflection.java.JavaXClass::getName (8 bytes)
Event: 10.879 Thread 0x000001cb088ad9d0 4891       1       org.hibernate.annotations.common.reflection.java.generics.TypeUtils$2::caseClass (6 bytes)
Event: 10.879 Thread 0x000001cb04152c70 nmethod 4890 0x000001cabd1d1290 code [0x000001cabd1d1420, 0x000001cabd1d1580]
Event: 10.879 Thread 0x000001cb04152c70 4893       1       org.hibernate.annotations.common.reflection.java.generics.TypeEnvironmentFactory$1::caseClass (6 bytes)
Event: 10.879 Thread 0x000001cb08899800 nmethod 4892 0x000001cabd1d1610 code [0x000001cabd1d17a0, 0x000001cabd1d1890]
Event: 10.879 Thread 0x000001cb08899800 4894       1       org.hibernate.annotations.common.reflection.java.generics.TypeEnvironmentFactory$1::caseClass (15 bytes)
Event: 10.879 Thread 0x000001cb088ad9d0 nmethod 4891 0x000001cabd1d1990 code [0x000001cabd1d1b20, 0x000001cabd1d1c68]
Event: 10.879 Thread 0x000001cb088ad9d0 4895       1       org.hibernate.annotations.common.reflection.java.generics.TypeEnvironmentFactory::createSuperTypeEnvironment (73 bytes)
Event: 10.880 Thread 0x000001cb04152c70 nmethod 4893 0x000001cabd1d1d90 code [0x000001cabd1d1f60, 0x000001cabd1d2348]
Event: 10.880 Thread 0x000001cb08899800 nmethod 4894 0x000001cabd1d2510 code [0x000001cabd1d26e0, 0x000001cabd1d2ab8]
Event: 10.880 Thread 0x000001cb04152c70 4896       1       org.hibernate.annotations.common.reflection.ReflectionUtil::isProperty (77 bytes)
Event: 10.880 Thread 0x000001cb088ad9d0 nmethod 4895 0x000001cabd1d2c90 code [0x000001cabd1d2ee0, 0x000001cabd1d3700]
Event: 10.880 Thread 0x000001cb04152c70 nmethod 4896 0x000001cabd1d3b10 code [0x000001cabd1d3cc0, 0x000001cabd1d3f20]
Event: 10.881 Thread 0x000001cb04152c70 4897       1       org.hibernate.cfg.AnnotatedColumn::setImplicit (6 bytes)
Event: 10.881 Thread 0x000001cb04152c70 nmethod 4897 0x000001cabd1d4110 code [0x000001cabd1d4280, 0x000001cabd1d4350]
Event: 10.881 Thread 0x000001cb04152c70 4898       1       org.hibernate.cfg.ClassPropertyHolder::getPersistentClass (5 bytes)
Event: 10.881 Thread 0x000001cb088ad9d0 4899   !   1       org.hibernate.cfg.BinderHelper::getOverridableAnnotation (300 bytes)

GC Heap History (20 events):
Event: 2.467 GC heap after
{Heap after GC invocations=1 (full 0):
 garbage-first heap   total 65536K, used 7424K [0x00000000c1800000, 0x0000000100000000)
  region size 1024K, 2 young (2048K), 2 survivors (2048K)
 Metaspace       used 3347K, committed 3520K, reserved 1114112K
  class space    used 384K, committed 448K, reserved 1048576K
}
Event: 3.203 GC heap before
{Heap before GC invocations=1 (full 0):
 garbage-first heap   total 65536K, used 17664K [0x00000000c1800000, 0x0000000100000000)
  region size 1024K, 12 young (12288K), 2 survivors (2048K)
 Metaspace       used 7472K, committed 7744K, reserved 1114112K
  class space    used 907K, committed 1024K, reserved 1048576K
}
Event: 3.209 GC heap after
{Heap after GC invocations=2 (full 0):
 garbage-first heap   total 65536K, used 8320K [0x00000000c1800000, 0x0000000100000000)
  region size 1024K, 2 young (2048K), 2 survivors (2048K)
 Metaspace       used 7472K, committed 7744K, reserved 1114112K
  class space    used 907K, committed 1024K, reserved 1048576K
}
Event: 4.068 GC heap before
{Heap before GC invocations=2 (full 0):
 garbage-first heap   total 65536K, used 33920K [0x00000000c1800000, 0x0000000100000000)
  region size 1024K, 28 young (28672K), 2 survivors (2048K)
 Metaspace       used 13047K, committed 13376K, reserved 1114112K
  class space    used 1738K, committed 1920K, reserved 1048576K
}
Event: 4.072 GC heap after
{Heap after GC invocations=3 (full 0):
 garbage-first heap   total 65536K, used 10171K [0x00000000c1800000, 0x0000000100000000)
  region size 1024K, 3 young (3072K), 3 survivors (3072K)
 Metaspace       used 13047K, committed 13376K, reserved 1114112K
  class space    used 1738K, committed 1920K, reserved 1048576K
}
Event: 5.551 GC heap before
{Heap before GC invocations=3 (full 0):
 garbage-first heap   total 65536K, used 44987K [0x00000000c1800000, 0x0000000100000000)
  region size 1024K, 38 young (38912K), 3 survivors (3072K)
 Metaspace       used 20611K, committed 20928K, reserved 1114112K
  class space    used 2765K, committed 2944K, reserved 1048576K
}
Event: 5.558 GC heap after
{Heap after GC invocations=4 (full 0):
 garbage-first heap   total 65536K, used 12782K [0x00000000c1800000, 0x0000000100000000)
  region size 1024K, 5 young (5120K), 5 survivors (5120K)
 Metaspace       used 20611K, committed 20928K, reserved 1114112K
  class space    used 2765K, committed 2944K, reserved 1048576K
}
Event: 5.919 GC heap before
{Heap before GC invocations=4 (full 0):
 garbage-first heap   total 65536K, used 17902K [0x00000000c1800000, 0x0000000100000000)
  region size 1024K, 11 young (11264K), 5 survivors (5120K)
 Metaspace       used 21198K, committed 21504K, reserved 1114112K
  class space    used 2828K, committed 3008K, reserved 1048576K
}
Event: 5.926 GC heap after
{Heap after GC invocations=5 (full 0):
 garbage-first heap   total 65536K, used 13594K [0x00000000c1800000, 0x0000000100000000)
  region size 1024K, 4 young (4096K), 4 survivors (4096K)
 Metaspace       used 21198K, committed 21504K, reserved 1114112K
  class space    used 2828K, committed 3008K, reserved 1048576K
}
Event: 7.658 GC heap before
{Heap before GC invocations=6 (full 0):
 garbage-first heap   total 51200K, used 40218K [0x00000000c1800000, 0x0000000100000000)
  region size 1024K, 30 young (30720K), 4 survivors (4096K)
 Metaspace       used 23535K, committed 23872K, reserved 1114112K
  class space    used 3176K, committed 3328K, reserved 1048576K
}
Event: 7.666 GC heap after
{Heap after GC invocations=7 (full 0):
 garbage-first heap   total 51200K, used 15419K [0x00000000c1800000, 0x0000000100000000)
  region size 1024K, 3 young (3072K), 3 survivors (3072K)
 Metaspace       used 23535K, committed 23872K, reserved 1114112K
  class space    used 3176K, committed 3328K, reserved 1048576K
}
Event: 8.390 GC heap before
{Heap before GC invocations=7 (full 0):
 garbage-first heap   total 51200K, used 39995K [0x00000000c1800000, 0x0000000100000000)
  region size 1024K, 27 young (27648K), 3 survivors (3072K)
 Metaspace       used 26533K, committed 27008K, reserved 1114112K
  class space    used 3629K, committed 3840K, reserved 1048576K
}
Event: 8.396 GC heap after
{Heap after GC invocations=8 (full 0):
 garbage-first heap   total 51200K, used 17145K [0x00000000c1800000, 0x0000000100000000)
  region size 1024K, 4 young (4096K), 4 survivors (4096K)
 Metaspace       used 26533K, committed 27008K, reserved 1114112K
  class space    used 3629K, committed 3840K, reserved 1048576K
}
Event: 8.996 GC heap before
{Heap before GC invocations=8 (full 0):
 garbage-first heap   total 51200K, used 41721K [0x00000000c1800000, 0x0000000100000000)
  region size 1024K, 28 young (28672K), 4 survivors (4096K)
 Metaspace       used 31635K, committed 32064K, reserved 1114112K
  class space    used 4285K, committed 4480K, reserved 1048576K
}
Event: 9.003 GC heap after
{Heap after GC invocations=9 (full 0):
 garbage-first heap   total 51200K, used 19775K [0x00000000c1800000, 0x0000000100000000)
  region size 1024K, 4 young (4096K), 4 survivors (4096K)
 Metaspace       used 31635K, committed 32064K, reserved 1114112K
  class space    used 4285K, committed 4480K, reserved 1048576K
}
Event: 9.490 GC heap before
{Heap before GC invocations=9 (full 0):
 garbage-first heap   total 51200K, used 39231K [0x00000000c1800000, 0x0000000100000000)
  region size 1024K, 25 young (25600K), 4 survivors (4096K)
 Metaspace       used 35379K, committed 35968K, reserved 1114112K
  class space    used 4805K, committed 5120K, reserved 1048576K
}
Event: 9.497 GC heap after
{Heap after GC invocations=10 (full 0):
 garbage-first heap   total 51200K, used 21698K [0x00000000c1800000, 0x0000000100000000)
  region size 1024K, 2 young (2048K), 2 survivors (2048K)
 Metaspace       used 35379K, committed 35968K, reserved 1114112K
  class space    used 4805K, committed 5120K, reserved 1048576K
}
Event: 9.946 GC heap before
{Heap before GC invocations=11 (full 0):
 garbage-first heap   total 51200K, used 42178K [0x00000000c1800000, 0x0000000100000000)
  region size 1024K, 23 young (23552K), 2 survivors (2048K)
 Metaspace       used 40355K, committed 40960K, reserved 1114112K
  class space    used 5495K, committed 5760K, reserved 1048576K
}
Event: 9.950 GC heap after
{Heap after GC invocations=12 (full 0):
 garbage-first heap   total 51200K, used 22959K [0x00000000c1800000, 0x0000000100000000)
  region size 1024K, 3 young (3072K), 3 survivors (3072K)
 Metaspace       used 40355K, committed 40960K, reserved 1114112K
  class space    used 5495K, committed 5760K, reserved 1048576K
}
Event: 10.881 GC heap before
{Heap before GC invocations=12 (full 0):
 garbage-first heap   total 51200K, used 44463K [0x00000000c1800000, 0x0000000100000000)
  region size 1024K, 24 young (24576K), 3 survivors (3072K)
 Metaspace       used 47381K, committed 47936K, reserved 1114112K
  class space    used 6423K, committed 6656K, reserved 1048576K
}

Dll operation events (14 events):
Event: 0.030 Loaded shared library C:\Users\Admin\.jdks\openjdk-20.0.2\bin\java.dll
Event: 0.060 Loaded shared library C:\Users\Admin\.jdks\openjdk-20.0.2\bin\jsvml.dll
Event: 0.269 Loaded shared library C:\Users\Admin\.jdks\openjdk-20.0.2\bin\zip.dll
Event: 0.274 Loaded shared library C:\Users\Admin\.jdks\openjdk-20.0.2\bin\instrument.dll
Event: 0.281 Loaded shared library C:\Users\Admin\.jdks\openjdk-20.0.2\bin\net.dll
Event: 0.285 Loaded shared library C:\Users\Admin\.jdks\openjdk-20.0.2\bin\nio.dll
Event: 0.289 Loaded shared library C:\Users\Admin\.jdks\openjdk-20.0.2\bin\zip.dll
Event: 2.083 Loaded shared library D:\IntelliJ IDEA 2023.2.2\bin\breakgen64.dll
Event: 2.101 Loaded shared library C:\Users\Admin\.jdks\openjdk-20.0.2\bin\extnet.dll
Event: 2.104 Loaded shared library C:\Users\Admin\.jdks\openjdk-20.0.2\bin\jimage.dll
Event: 2.134 Loaded shared library C:\Users\Admin\.jdks\openjdk-20.0.2\bin\management.dll
Event: 2.152 Loaded shared library C:\Users\Admin\.jdks\openjdk-20.0.2\bin\management_ext.dll
Event: 4.089 Loaded shared library C:\Users\Admin\.jdks\openjdk-20.0.2\bin\verify.dll
Event: 8.833 Loaded shared library C:\Users\Admin\.jdks\openjdk-20.0.2\bin\sunmscapi.dll

Deoptimization events (8 events):
Event: 2.422 Thread 0x000001cab4730210 DEOPT PACKING pc=0x000001cabcb6685d sp=0x00000052d16fd4c0
Event: 2.422 Thread 0x000001cab4730210 DEOPT UNPACKING pc=0x000001cabc85a4c2 sp=0x00000052d16fc970 mode 3
Event: 2.435 Thread 0x000001cab4730210 DEOPT PACKING pc=0x000001cabcb790e0 sp=0x00000052d16fd490
Event: 2.435 Thread 0x000001cab4730210 DEOPT UNPACKING pc=0x000001cabc85a4c2 sp=0x00000052d16fc948 mode 3
Event: 4.152 Thread 0x000001cb08e8da20 DEOPT PACKING pc=0x000001cabcd799f9 sp=0x00000052d2ffcfe0
Event: 4.152 Thread 0x000001cb08e8da20 DEOPT UNPACKING pc=0x000001cabc85a4c2 sp=0x00000052d2ffc4c0 mode 3
Event: 9.099 Thread 0x000001cb08e8da20 DEOPT PACKING pc=0x000001cabd05836d sp=0x00000052d2ffc310
Event: 9.099 Thread 0x000001cb08e8da20 DEOPT UNPACKING pc=0x000001cabc85a4c2 sp=0x00000052d2ffb878 mode 3

Classes loaded (20 events):
Event: 10.308 Loading class sun/security/ssl/NewSessionTicket$NewSessionTicketMessage done
Event: 10.308 Loading class sun/security/ssl/NewSessionTicket$T13NewSessionTicketMessage done
Event: 10.376 Loading class java/util/concurrent/ThreadPoolExecutor$CallerRunsPolicy
Event: 10.377 Loading class java/util/concurrent/ThreadPoolExecutor$CallerRunsPolicy done
Event: 10.378 Loading class java/util/concurrent/atomic/AtomicReferenceFieldUpdater
Event: 10.378 Loading class java/util/concurrent/atomic/AtomicReferenceFieldUpdater done
Event: 10.378 Loading class java/util/concurrent/atomic/AtomicReferenceFieldUpdater$AtomicReferenceFieldUpdaterImpl
Event: 10.378 Loading class java/util/concurrent/atomic/AtomicReferenceFieldUpdater$AtomicReferenceFieldUpdaterImpl done
Event: 10.378 Loading class java/util/concurrent/atomic/AtomicReferenceFieldUpdater$AtomicReferenceFieldUpdaterImpl$1
Event: 10.378 Loading class java/util/concurrent/atomic/AtomicReferenceFieldUpdater$AtomicReferenceFieldUpdaterImpl$1 done
Event: 10.401 Loading class java/util/TimerTask
Event: 10.401 Loading class java/util/TimerTask done
Event: 10.484 Loading class java/util/regex/Pattern$1MatcherIterator
Event: 10.484 Loading class java/util/regex/Pattern$1MatcherIterator done
Event: 10.515 Loading class java/io/CharArrayWriter
Event: 10.515 Loading class java/io/CharArrayWriter done
Event: 10.515 Loading class java/lang/StringIndexOutOfBoundsException
Event: 10.516 Loading class java/lang/StringIndexOutOfBoundsException done
Event: 10.794 Loading class sun/reflect/generics/repository/FieldRepository
Event: 10.795 Loading class sun/reflect/generics/repository/FieldRepository done

Classes unloaded (0 events):
No events

Classes redefined (0 events):
No events

Internal exceptions (20 events):
Event: 8.605 Thread 0x000001cb08e8da20 Exception <a 'java/lang/NoSuchMethodError'{0x00000000c4347750}: 'java.lang.reflect.Field[] java.lang.Class.getDeclaredFields(java.lang.Class)'> (0x00000000c4347750) 
thrown [s\open\src\hotspot\share\interpreter\linkResolver.cpp, line 773]
Event: 8.636 Thread 0x000001cb08e8da20 Exception <a 'java/lang/NoSuchMethodError'{0x00000000c41114e0}: 'void java.lang.invoke.DirectMethodHandle$Holder.invokeInterface(java.lang.Object, java.lang.Object, int)'> (0x00000000c41114e0) 
thrown [s\open\src\hotspot\share\interpreter\linkResolver.cpp, line 773]
Event: 8.640 Thread 0x000001cb08e8da20 Exception <a 'java/lang/IncompatibleClassChangeError'{0x00000000c4160488}: Found class java.lang.Object, but interface was expected> (0x00000000c4160488) 
thrown [s\open\src\hotspot\share\interpreter\linkResolver.cpp, line 840]
Event: 8.641 Thread 0x000001cb08e8da20 Exception <a 'java/lang/NoSuchMethodError'{0x00000000c4165b00}: 'void java.lang.invoke.DirectMethodHandle$Holder.invokeStatic(java.lang.Object, int, java.lang.Object)'> (0x00000000c4165b00) 
thrown [s\open\src\hotspot\share\interpreter\linkResolver.cpp, line 773]
Event: 8.708 Thread 0x000001cb08e8da20 Exception <a 'java/lang/NoSuchMethodError'{0x00000000c3d57298}: 'java.lang.Object java.lang.invoke.DirectMethodHandle$Holder.invokeStaticInit(java.lang.Object, int)'> (0x00000000c3d57298) 
thrown [s\open\src\hotspot\share\interpreter\linkResolver.cpp, line 773]
Event: 8.709 Thread 0x000001cb08e8da20 Exception <a 'java/lang/NoSuchMethodError'{0x00000000c3d61e50}: 'java.lang.Object java.lang.invoke.DirectMethodHandle$Holder.invokeStatic(java.lang.Object, int, java.lang.Object)'> (0x00000000c3d61e50) 
thrown [s\open\src\hotspot\share\interpreter\linkResolver.cpp, line 773]
Event: 8.710 Thread 0x000001cb08e8da20 Exception <a 'java/lang/NoSuchMethodError'{0x00000000c3d654a0}: 'java.lang.Object java.lang.invoke.DirectMethodHandle$Holder.invokeStaticInit(java.lang.Object, int, java.lang.Object)'> (0x00000000c3d654a0) 
thrown [s\open\src\hotspot\share\interpreter\linkResolver.cpp, line 773]
Event: 8.765 Thread 0x000001cb08e8da20 Exception <a 'java/lang/NoSuchMethodError'{0x00000000c3bdd070}: 'int java.lang.invoke.DirectMethodHandle$Holder.invokeVirtual(java.lang.Object, java.lang.Object, java.lang.Object, java.lang.Object)'> (0x00000000c3bdd070) 
thrown [s\open\src\hotspot\share\interpreter\linkResolver.cpp, line 773]
Event: 8.765 Thread 0x000001cb08e8da20 Exception <a 'java/lang/NoSuchMethodError'{0x00000000c3be08f0}: 'int java.lang.invoke.DelegatingMethodHandle$Holder.reinvoke_L(java.lang.Object, java.lang.Object, java.lang.Object, java.lang.Object)'> (0x00000000c3be08f0) 
thrown [s\open\src\hotspot\share\interpreter\linkResolver.cpp, line 773]
Event: 8.888 Thread 0x000001cb08e8da20 Exception <a 'java/lang/NoSuchMethodError'{0x00000000c356cbb8}: 'int java.lang.invoke.DirectMethodHandle$Holder.invokeStatic(java.lang.Object, int, java.lang.Object)'> (0x00000000c356cbb8) 
thrown [s\open\src\hotspot\share\interpreter\linkResolver.cpp, line 773]
Event: 9.040 Thread 0x000001cb08e8da20 Exception <a 'java/io/FileNotFoundException'{0x00000000c5132a78}> (0x00000000c5132a78) 
thrown [s\open\src\hotspot\share\prims\jni.cpp, line 519]
Event: 9.065 Thread 0x000001cb08e8da20 Exception <a 'java/lang/NoSuchMethodError'{0x00000000c507d808}: 'int java.lang.invoke.DirectMethodHandle$Holder.invokeInterface(java.lang.Object, java.lang.Object, java.lang.Object, java.lang.Object)'> (0x00000000c507d808) 
thrown [s\open\src\hotspot\share\interpreter\linkResolver.cpp, line 773]
Event: 9.105 Thread 0x000001cb08e8da20 Exception <a 'java/lang/NoSuchMethodError'{0x00000000c4eb2430}: 'long java.lang.invoke.DirectMethodHandle$Holder.invokeVirtual(java.lang.Object, java.lang.Object)'> (0x00000000c4eb2430) 
thrown [s\open\src\hotspot\share\interpreter\linkResolver.cpp, line 773]
Event: 9.201 Thread 0x000001cb08e8da20 Exception <a 'java/lang/NoSuchMethodError'{0x00000000c3f10b58}: 'java.lang.Object java.lang.invoke.DirectMethodHandle$Holder.newInvokeSpecial(java.lang.Object, java.lang.Object, java.lang.Object, java.lang.Object, java.lang.Object, java.lang.Object, java.lang.Object, java.lang.Object, java.lang.Object, java.lang.Object, java.lang.Object)'> (0x00000000c3f10b58) 
thrown [s\open\src\hotspot\share\interpreter\linkResolver.cpp, line 773]
Event: 9.292 Thread 0x000001cb08e8da20 Exception <a 'java/lang/NoSuchMethodError'{0x00000000c3b28fb0}: 'void java.lang.invoke.DelegatingMethodHandle$Holder.reinvoke_L(java.lang.Object, java.lang.Object, java.lang.Object, java.lang.Object, int, java.lang.Object, java.lang.Object, java.lang.Object)'> (0x00000000c3b28fb0) 
thrown [s\open\src\hotspot\share\interpreter\linkResolver.cpp, line 773]
Event: 10.024 Thread 0x000001cb08e8da20 Exception <a 'sun/nio/fs/WindowsException'{0x00000000c517ed70}> (0x00000000c517ed70) 
thrown [s\open\src\hotspot\share\prims\jni.cpp, line 519]
Event: 10.519 Thread 0x000001cb08e8da20 Exception <a 'java/lang/NoSuchMethodError'{0x00000000c42d1d40}: 'java.lang.Object java.lang.invoke.DirectMethodHandle$Holder.invokeStaticInit(java.lang.Object, java.lang.Object, java.lang.Object, java.lang.Object)'> (0x00000000c42d1d40) 
thrown [s\open\src\hotspot\share\interpreter\linkResolver.cpp, line 773]
Event: 10.719 Thread 0x000001cb08e8da20 Exception <a 'java/lang/NoSuchMethodError'{0x00000000c3a34868}: 'java.lang.Object java.lang.invoke.DirectMethodHandle$Holder.newInvokeSpecial(java.lang.Object, java.lang.Object, java.lang.Object, int)'> (0x00000000c3a34868) 
thrown [s\open\src\hotspot\share\interpreter\linkResolver.cpp, line 773]
Event: 10.719 Thread 0x000001cb08e8da20 Exception <a 'java/lang/NoSuchMethodError'{0x00000000c3a386e8}: 'java.lang.Object java.lang.invoke.DirectMethodHandle$Holder.invokeSpecial(java.lang.Object, java.lang.Object, java.lang.Object, java.lang.Object, int)'> (0x00000000c3a386e8) 
thrown [s\open\src\hotspot\share\interpreter\linkResolver.cpp, line 773]
Event: 10.719 Thread 0x000001cb08e8da20 Exception <a 'java/lang/NoSuchMethodError'{0x00000000c3a3bb70}: 'java.lang.Object java.lang.invoke.Invokers$Holder.linkToTargetMethod(java.lang.Object, java.lang.Object, int, java.lang.Object)'> (0x00000000c3a3bb70) 
thrown [s\open\src\hotspot\share\interpreter\linkResolver.cpp, line 773]

VM Operations (20 events):
Event: 9.079 Executing VM operation: HandshakeAllThreads done
Event: 9.080 Executing VM operation: HandshakeAllThreads
Event: 9.080 Executing VM operation: HandshakeAllThreads done
Event: 9.130 Executing VM operation: HandshakeAllThreads
Event: 9.130 Executing VM operation: HandshakeAllThreads done
Event: 9.160 Executing VM operation: HandshakeAllThreads
Event: 9.160 Executing VM operation: HandshakeAllThreads done
Event: 9.195 Executing VM operation: HandshakeAllThreads
Event: 9.195 Executing VM operation: HandshakeAllThreads done
Event: 9.490 Executing VM operation: CollectForMetadataAllocation
Event: 9.497 Executing VM operation: CollectForMetadataAllocation done
Event: 9.530 Executing VM operation: G1PauseRemark
Event: 9.532 Executing VM operation: G1PauseRemark done
Event: 9.549 Executing VM operation: G1PauseCleanup
Event: 9.549 Executing VM operation: G1PauseCleanup done
Event: 9.946 Executing VM operation: G1CollectForAllocation
Event: 9.950 Executing VM operation: G1CollectForAllocation done
Event: 10.047 Executing VM operation: HandshakeAllThreads
Event: 10.047 Executing VM operation: HandshakeAllThreads done
Event: 10.881 Executing VM operation: G1CollectForAllocation

Events (20 events):
Event: 9.532 Thread 0x000001cab47ee5a0 flushing nmethod 0x000001cabcb5ad10
Event: 9.532 Thread 0x000001cab47ee5a0 flushing nmethod 0x000001cabca2aa10
Event: 9.532 Thread 0x000001cab47ee5a0 flushing nmethod 0x000001cabca29a90
Event: 9.532 Thread 0x000001cab47ee5a0 flushing nmethod 0x000001cabca1b210
Event: 9.532 Thread 0x000001cab47ee5a0 flushing nmethod 0x000001cabca20290
Event: 9.532 Thread 0x000001cab47ee5a0 flushing nmethod 0x000001cabca15c90
Event: 9.532 Thread 0x000001cab47ee5a0 flushing nmethod 0x000001cabca11e90
Event: 9.532 Thread 0x000001cab47ee5a0 flushing nmethod 0x000001cabc9f4c90
Event: 9.532 Thread 0x000001cab47ee5a0 flushing nmethod 0x000001cabc9dbd10
Event: 9.532 Thread 0x000001cab47ee5a0 flushing nmethod 0x000001cabc9cfd90
Event: 9.532 Thread 0x000001cab47ee5a0 flushing nmethod 0x000001cabc9bb310
Event: 9.532 Thread 0x000001cab47ee5a0 flushing nmethod 0x000001cabc9ae690
Event: 9.532 Thread 0x000001cab47ee5a0 flushing nmethod 0x000001cabc9b2810
Event: 9.532 Thread 0x000001cab47ee5a0 flushing nmethod 0x000001cabc995110
Event: 9.532 Thread 0x000001cab47ee5a0 flushing nmethod 0x000001cabc97d990
Event: 9.532 Thread 0x000001cab47ee5a0 flushing nmethod 0x000001cabc94a890
Event: 9.532 Thread 0x000001cab47ee5a0 flushing nmethod 0x000001cabc949410
Event: 9.532 Thread 0x000001cab47ee5a0 flushing nmethod 0x000001cabc945f90
Event: 10.375 Thread 0x000001cb09f61b00 Thread added: 0x000001cb09f61b00
Event: 10.484 Thread 0x000001cb09f62050 Thread added: 0x000001cb09f62050


Dynamic libraries:
0x00007ff7ffff0000 - 0x00007ff7ffffe000 	C:\Users\Admin\.jdks\openjdk-20.0.2\bin\java.exe
0x00007ff8c2610000 - 0x00007ff8c2807000 	C:\WINDOWS\SYSTEM32\ntdll.dll
0x00007ff8c1a70000 - 0x00007ff8c1b2d000 	C:\WINDOWS\System32\KERNEL32.DLL
0x00007ff8c0140000 - 0x00007ff8c0436000 	C:\WINDOWS\System32\KERNELBASE.dll
0x00007ff8c0040000 - 0x00007ff8c0140000 	C:\WINDOWS\System32\ucrtbase.dll
0x00007ff8ba170000 - 0x00007ff8ba18b000 	C:\Users\Admin\.jdks\openjdk-20.0.2\bin\VCRUNTIME140.dll
0x00007ff8baf90000 - 0x00007ff8bafa7000 	C:\Users\Admin\.jdks\openjdk-20.0.2\bin\jli.dll
0x00007ff8c0ae0000 - 0x00007ff8c0c7e000 	C:\WINDOWS\System32\USER32.dll
0x00007ff8bfef0000 - 0x00007ff8bff12000 	C:\WINDOWS\System32\win32u.dll
0x00007ff8c1a40000 - 0x00007ff8c1a6c000 	C:\WINDOWS\System32\GDI32.dll
0x00007ff8bfdd0000 - 0x00007ff8bfeea000 	C:\WINDOWS\System32\gdi32full.dll
0x00007ff8ab8a0000 - 0x00007ff8abb3a000 	C:\WINDOWS\WinSxS\amd64_microsoft.windows.common-controls_6595b64144ccf1df_6.0.19041.3570_none_60bb2a3971f3e41a\COMCTL32.dll
0x00007ff8c0470000 - 0x00007ff8c050d000 	C:\WINDOWS\System32\msvcp_win.dll
0x00007ff8c1d40000 - 0x00007ff8c1dde000 	C:\WINDOWS\System32\msvcrt.dll
0x00007ff8c0c90000 - 0x00007ff8c0cc0000 	C:\WINDOWS\System32\IMM32.DLL
0x00007ff8baf40000 - 0x00007ff8baf4c000 	C:\Users\Admin\.jdks\openjdk-20.0.2\bin\vcruntime140_1.dll
0x00007ff8b83e0000 - 0x00007ff8b846e000 	C:\Users\Admin\.jdks\openjdk-20.0.2\bin\msvcp140.dll
0x00007ff864760000 - 0x00007ff8653f8000 	C:\Users\Admin\.jdks\openjdk-20.0.2\bin\server\jvm.dll
0x00007ff8c2270000 - 0x00007ff8c231e000 	C:\WINDOWS\System32\ADVAPI32.dll
0x00007ff8c24d0000 - 0x00007ff8c256c000 	C:\WINDOWS\System32\sechost.dll
0x00007ff8c10a0000 - 0x00007ff8c11c6000 	C:\WINDOWS\System32\RPCRT4.dll
0x00007ff8ab860000 - 0x00007ff8ab887000 	C:\WINDOWS\SYSTEM32\WINMM.dll
0x00007ff8b6780000 - 0x00007ff8b678a000 	C:\WINDOWS\SYSTEM32\VERSION.dll
0x00007ff8a6d60000 - 0x00007ff8a6d69000 	C:\WINDOWS\SYSTEM32\WSOCK32.dll
0x00007ff8c1e90000 - 0x00007ff8c1efb000 	C:\WINDOWS\System32\WS2_32.dll
0x00007ff8be520000 - 0x00007ff8be532000 	C:\WINDOWS\SYSTEM32\kernel.appcore.dll
0x00007ff8b9ad0000 - 0x00007ff8b9ada000 	C:\Users\Admin\.jdks\openjdk-20.0.2\bin\jimage.dll
0x00007ff8be230000 - 0x00007ff8be414000 	C:\WINDOWS\SYSTEM32\DBGHELP.DLL
0x00007ff8a5b30000 - 0x00007ff8a5b64000 	C:\WINDOWS\SYSTEM32\dbgcore.DLL
0x00007ff8bfd40000 - 0x00007ff8bfdc2000 	C:\WINDOWS\System32\bcryptPrimitives.dll
0x00007ff8b9670000 - 0x00007ff8b967e000 	C:\Users\Admin\.jdks\openjdk-20.0.2\bin\instrument.dll
0x00007ff8b8ae0000 - 0x00007ff8b8b06000 	C:\Users\Admin\.jdks\openjdk-20.0.2\bin\java.dll
0x00007ff88b7d0000 - 0x00007ff88b8a7000 	C:\Users\Admin\.jdks\openjdk-20.0.2\bin\jsvml.dll
0x00007ff8c11d0000 - 0x00007ff8c1914000 	C:\WINDOWS\System32\SHELL32.dll
0x00007ff8bd9c0000 - 0x00007ff8be15b000 	C:\WINDOWS\SYSTEM32\windows.storage.dll
0x00007ff8c0ce0000 - 0x00007ff8c1034000 	C:\WINDOWS\System32\combase.dll
0x00007ff8bf730000 - 0x00007ff8bf75d000 	C:\WINDOWS\SYSTEM32\Wldp.dll
0x00007ff8c2420000 - 0x00007ff8c24cd000 	C:\WINDOWS\System32\SHCORE.dll
0x00007ff8c2570000 - 0x00007ff8c25c5000 	C:\WINDOWS\System32\shlwapi.dll
0x00007ff8bfc20000 - 0x00007ff8bfc45000 	C:\WINDOWS\SYSTEM32\profapi.dll
0x00007ff8b8750000 - 0x00007ff8b8768000 	C:\Users\Admin\.jdks\openjdk-20.0.2\bin\zip.dll
0x00007ff8b8ac0000 - 0x00007ff8b8ad3000 	C:\Users\Admin\.jdks\openjdk-20.0.2\bin\net.dll
0x00007ff8ae9e0000 - 0x00007ff8aeaea000 	C:\WINDOWS\SYSTEM32\WINHTTP.dll
0x00007ff8bf490000 - 0x00007ff8bf4fa000 	C:\WINDOWS\system32\mswsock.dll
0x00007ff8b8880000 - 0x00007ff8b8896000 	C:\Users\Admin\.jdks\openjdk-20.0.2\bin\nio.dll
0x00007ff88d330000 - 0x00007ff88d34a000 	D:\IntelliJ IDEA 2023.2.2\bin\breakgen64.dll
0x00007ff8aa4a0000 - 0x00007ff8aa4a7000 	C:\Users\Admin\.jdks\openjdk-20.0.2\bin\extnet.dll
0x00007ff8bf170000 - 0x00007ff8bf23a000 	C:\WINDOWS\SYSTEM32\DNSAPI.dll
0x00007ff8bf130000 - 0x00007ff8bf16b000 	C:\WINDOWS\SYSTEM32\IPHLPAPI.DLL
0x00007ff8c2380000 - 0x00007ff8c2388000 	C:\WINDOWS\System32\NSI.dll
0x00007ff8b73b0000 - 0x00007ff8b73ba000 	C:\Windows\System32\rasadhlp.dll
0x00007ff8aa2b0000 - 0x00007ff8aa332000 	C:\WINDOWS\System32\fwpuclnt.dll
0x00007ff8c0440000 - 0x00007ff8c0467000 	C:\WINDOWS\System32\bcrypt.dll
0x00007ff8b95f0000 - 0x00007ff8b95fa000 	C:\Users\Admin\.jdks\openjdk-20.0.2\bin\management.dll
0x00007ff8b8870000 - 0x00007ff8b887b000 	C:\Users\Admin\.jdks\openjdk-20.0.2\bin\management_ext.dll
0x00007ff8c20b0000 - 0x00007ff8c20b8000 	C:\WINDOWS\System32\PSAPI.DLL
0x00007ff8bf680000 - 0x00007ff8bf698000 	C:\WINDOWS\SYSTEM32\CRYPTSP.dll
0x00007ff8bed30000 - 0x00007ff8bed64000 	C:\WINDOWS\system32\rsaenh.dll
0x00007ff8bfbe0000 - 0x00007ff8bfc0e000 	C:\WINDOWS\SYSTEM32\USERENV.dll
0x00007ff8bf6a0000 - 0x00007ff8bf6ac000 	C:\WINDOWS\SYSTEM32\CRYPTBASE.dll
0x00007ff8b0880000 - 0x00007ff8b0897000 	C:\WINDOWS\SYSTEM32\dhcpcsvc6.DLL
0x00007ff8b3db0000 - 0x00007ff8b3dcd000 	C:\WINDOWS\SYSTEM32\dhcpcsvc.DLL
0x00007ff8a83d0000 - 0x00007ff8a83e7000 	C:\WINDOWS\system32\napinsp.dll
0x00007ff8a83b0000 - 0x00007ff8a83cb000 	C:\WINDOWS\system32\pnrpnsp.dll
0x00007ff8ba3a0000 - 0x00007ff8ba3b5000 	C:\WINDOWS\system32\wshbth.dll
0x00007ff8bae50000 - 0x00007ff8bae6d000 	C:\WINDOWS\system32\NLAapi.dll
0x00007ff8a8330000 - 0x00007ff8a8342000 	C:\WINDOWS\System32\winrnr.dll
0x00007ff8b9660000 - 0x00007ff8b9670000 	C:\Users\Admin\.jdks\openjdk-20.0.2\bin\verify.dll
0x00007ff8b8830000 - 0x00007ff8b883e000 	C:\Users\Admin\.jdks\openjdk-20.0.2\bin\sunmscapi.dll
0x00007ff8c0510000 - 0x00007ff8c066d000 	C:\WINDOWS\System32\CRYPT32.dll
0x00007ff8bf7a0000 - 0x00007ff8bf7c7000 	C:\WINDOWS\SYSTEM32\ncrypt.dll
0x00007ff8bf760000 - 0x00007ff8bf79b000 	C:\WINDOWS\SYSTEM32\NTASN1.dll

dbghelp: loaded successfully - version: 4.0.5 - missing functions: none
symbol engine: initialized successfully - sym options: 0x614 - pdb path: .;C:\Users\Admin\.jdks\openjdk-20.0.2\bin;C:\WINDOWS\SYSTEM32;C:\WINDOWS\WinSxS\amd64_microsoft.windows.common-controls_6595b64144ccf1df_6.0.19041.3570_none_60bb2a3971f3e41a;C:\Users\Admin\.jdks\openjdk-20.0.2\bin\server;D:\IntelliJ IDEA 2023.2.2\bin

VM Arguments:
jvm_args: -XX:TieredStopAtLevel=1 -Dspring.output.ansi.enabled=always -Dcom.sun.management.jmxremote -Dspring.jmx.enabled=true -Dspring.liveBeansView.mbeanDomain -Dspring.application.admin.enabled=true -Dmanagement.endpoints.jmx.exposure.include=* -javaagent:D:\IntelliJ IDEA 2023.2.2\lib\idea_rt.jar=54721:D:\IntelliJ IDEA 2023.2.2\bin -Dfile.encoding=UTF-8 -Dsun.stdout.encoding=UTF-8 -Dsun.stderr.encoding=UTF-8 
java_command: com.demo.homemate.Main
java_class_path (initial): D:\FPT_FILES\FA23\SWP391\SWP391-Project\HOMEMATE\target\classes;C:\Users\Admin\.m2\repository\org\springframework\boot\spring-boot-starter-web\3.0.10\spring-boot-starter-web-3.0.10.jar;C:\Users\Admin\.m2\repository\org\springframework\boot\spring-boot-starter\3.0.10\spring-boot-starter-3.0.10.jar;C:\Users\Admin\.m2\repository\org\springframework\boot\spring-boot-starter-logging\3.0.10\spring-boot-starter-logging-3.0.10.jar;C:\Users\Admin\.m2\repository\ch\qos\logback\logback-classic\1.4.11\logback-classic-1.4.11.jar;C:\Users\Admin\.m2\repository\ch\qos\logback\logback-core\1.4.11\logback-core-1.4.11.jar;C:\Users\Admin\.m2\repository\org\apache\logging\log4j\log4j-to-slf4j\2.19.0\log4j-to-slf4j-2.19.0.jar;C:\Users\Admin\.m2\repository\org\apache\logging\log4j\log4j-api\2.19.0\log4j-api-2.19.0.jar;C:\Users\Admin\.m2\repository\org\slf4j\jul-to-slf4j\2.0.7\jul-to-slf4j-2.0.7.jar;C:\Users\Admin\.m2\repository\jakarta\annotation\jakarta.annotation-api\2.1.1\jakarta.annotation-api-2.1.1.jar;C:\Users\Admin\.m2\repository\org\yaml\snakeyaml\1.33\snakeyaml-1.33.jar;C:\Users\Admin\.m2\repository\org\springframework\boot\spring-boot-starter-json\3.0.10\spring-boot-starter-json-3.0.10.jar;C:\Users\Admin\.m2\repository\com\fasterxml\jackson\datatype\jackson-datatype-jdk8\2.14.3\jackson-datatype-jdk8-2.14.3.jar;C:\Users\Admin\.m2\repository\com\fasterxml\jackson\datatype\jackson-datatype-jsr310\2.14.3\jackson-datatype-jsr310-2.14.3.jar;C:\Users\Admin\.m2\repository\com\fasterxml\jackson\module\jackson-module-parameter-names\2.14.3\jackson-module-parameter-names-2.14.3.jar;C:\Users\Admin\.m2\repository\org\springframework\boot\spring-boot-starter-tomcat\3.0.10\spring-boot-starter-tomcat-3.0.10.jar;C:\Users\Admin\.m2\repository\org\apache\tomcat\embed\tomcat-embed-core\10.1.12\tomcat-embed-core-10.1.12.jar;C:\Users\Admin\.m2\repository\org\apache\tomcat\embed\tomcat-embed-websocket\10.1.12\tomcat-embed-websocket-10.1.12.jar;C:\Users\Admin\.m2\repository\org\springframework\spring-web\6.0.11\spring-web-6.0.11.jar;C:\Users\Admin\.m2\repository\org\springframework\spring-webmvc\6.0.11\spring-webmvc-6.0.11.jar;C:\Users\Admin\.m2\repository\org\projectlombok\lombok\1.18.28\lombok-1.18.28.jar;C:\Users\Admin\.m2\repository\org\slf4j\slf4j-api\2.0.7\slf4j-api-2.0.7.jar;C:\Users\Admin\.m2\repository\jakarta\xml\bind\jakarta.xml.bind-api\4.0.0\jakarta.xml.bind-api-4.0.0.jar;C:\Users\Admin\.m2\repository\jakarta\activation\jakarta.activation-api\2.1.2\jakarta.activation-api-2.1.2.jar;C:\Users\Admin\.m2\repository\net\bytebuddy\byte-buddy\1.12.23\byte-buddy-1.12.23.jar;C:\Users\Admin\.m2\repository\org\springframework\spring-core\6.0.11\spring-core-6.0.11.jar;C:\Users\Admin\.m2\repository\org\springframework\spring-jcl\6.0.11\spring-jcl-6.0.11.jar;C:\Users\Admin\.m2\repository\org\springframework\boot\spring-boot-starter-data-jpa\3.0.10\spring-boot-starter-data-jpa-3.0.10.jar;C:\Users\Admin\.m2\repository\org\springframework\boot\spring-boot-starter-aop\3.0.10\spring-boot-starter-aop-3.0.10.jar;C:\Users\Admin\.m2\repository\org\aspectj\aspectjweaver\1.9.20\aspectjweaver-1.9.20.jar;C:\Users\Admin\.m2\repository\org\springframework\boot\spring-boot-starter-jdbc\3.0.10\spring-boot-starter-jdbc-3.0.10.jar;C:\Users\Admin\.m2\repository\com\zaxxer\HikariCP\5.0.1\HikariCP-5.0.1.jar;C:\Users\Admin\.m2\repository\org\springframework\spring-jdbc\6.0.11\spring-jdbc-6.0.11.jar;C:\Users\Admin\.m2\repository\org\hibernate\orm\hibernate-core\6.1.7.Final\hibernate-core-6.1.7.Final.jar;C:\Users\Admin\.m2\repository\jakarta\persistence\jakarta.persistence-api\3.1.0\jakarta.persistence-api-3.1.0.jar;C:\Users\Admin\.m2\repository\jakarta\transaction\jakarta.transaction-api\2.0.1\jakarta.transaction-api-2.0.1.jar;C:\Users\Admin\.m2\repository\org\jboss\logging\jboss-logging\3.5.3.Final\jboss-logging-3.5.3.Final.jar;C:\Users\Admin\.m2\repository\org\hibernate\common\hibernate-commons-annotations\6.0.6.Final\hibernate-commons-annotations-6.0.6.Final.jar;C:\Users\Admin\.m2\repository\org\jboss\jandex\2.4.2.Final\jandex-2.4.2.Final.jar;C:\Users\Admin\.m2\repository\com\fasterxml\classmate\1.5.1\classmate-1.5.1.jar;C:\Users\Admin\.m2\repository\org\glassfish\jaxb\jaxb-runtime\4.0.3\jaxb-runtime-4.0.3.jar;C:\Users\Admin\.m2\repository\org\glassfish\jaxb\jaxb-core\4.0.3\jaxb-core-4.0.3.jar;C:\Users\Admin\.m2\repository\org\eclipse\angus\angus-activation\2.0.1\angus-activation-2.0.1.jar;C:\Users\Admin\.m2\repository\org\glassfish\jaxb\txw2\4.0.3\txw2-4.0.3.jar;C:\Users\Admin\.m2\repository\com\sun\istack\istack-commons-runtime\4.1.2\istack-commons-runtime-4.1.2.jar;C:\Users\Admin\.m2\repository\jakarta\inject\jakarta.inject-api\2.0.0\jakarta.inject-api-2.0.0.jar;C:\Users\Admin\.m2\repository\org\antlr\antlr4-runtime\4.10.1\antlr4-runtime-4.10.1.jar;C:\Users\Admin\.m2\repository\org\springframework\data\spring-data-jpa\3.0.9\spring-data-jpa-3.0.9.jar;C:\Users\Admin\.m2\repository\org\springframework\data\spring-data-commons\3.0.9\spring-data-commons-3.0.9.jar;C:\Users\Admin\.m2\repository\org\springframework\spring-orm\6.0.11\spring-orm-6.0.11.jar;C:\Users\Admin\.m2\repository\org\springframework\spring-tx\6.0.11\spring-tx-6.0.11.jar;C:\Users\Admin\.m2\repository\org\springframework\spring-aspects\6.0.11\spring-aspects-6.0.11.jar;C:\Users\Admin\.m2\repository\com\mysql\mysql-connector-j\8.0.33\mysql-connector-j-8.0.33.jar;C:\Users\Admin\.m2\repository\org\jetbrains\annotations\13.0\annotations-13.0.jar;C:\Users\Admin\.m2\repository\org\springframework\boot\spring-boot-starter-validation\3.0.10\spring-boot-starter-validation-3.0.10.jar;C:\Users\Admin\.m2\repository\org\apache\tomcat\embed\tomcat-embed-el\10.1.12\tomcat-embed-el-10.1.12.jar;C:\Users\Admin\.m2\repository\org\hibernate\validator\hibernate-validator\8.0.1.Final\hibernate-validator-8.0.1.Final.jar;C:\Users\Admin\.m2\repository\jakarta\validation\jakarta.validation-api\3.0.2\jakarta.validation-api-3.0.2.jar;C:\Users\Admin\.m2\repository\com\microsoft\sqlserver\mssql-jdbc\12.4.1.jre11\mssql-jdbc-12.4.1.jre11.jar;C:\Users\Admin\.m2\repository\com\auth0\java-jwt\4.4.0\java-jwt-4.4.0.jar;C:\Users\Admin\.m2\repository\com\fasterxml\jackson\core\jackson-databind\2.14.3\jackson-databind-2.14.3.jar;C:\Users\Admin\.m2\repository\com\fasterxml\jackson\core\jackson-annotations\2.14.3\jackson-annotations-2.14.3.jar;C:\Users\Admin\.m2\repository\com\fasterxml\jackson\core\jackson-core\2.14.3\jackson-core-2.14.3.jar;C:\Users\Admin\.m2\repository\io\jsonwebtoken\jjwt\0.9.1\jjwt-0.9.1.jar;C:\Users\Admin\.m2\repository\org\junit\platform\junit-platform-commons\1.9.3\junit-platform-commons-1.9.3.jar;C:\Users\Admin\.m2\repository\org\apiguardian\apiguardian-api\1.1.2\apiguardian-api-1.1.2.jar;C:\Users\Admin\.m2\repository\org\springframework\boot\spring-boot-starter-thymeleaf\3.0.10\spring-boot-starter-thymeleaf-3.0.10.jar;C:\Users\Admin\.m2\repository\org\thymeleaf\thymeleaf-spring6\3.1.2.RELEASE\thymeleaf-spring6-3.1.2.RELEASE.jar;C:\Users\Admin\.m2\repository\org\thymeleaf\thymeleaf\3.1.2.RELEASE\thymeleaf-3.1.2.RELEASE.jar;C:\Users\Admin\.m2\repository\org\attoparser\attoparser\2.0.7.RELEASE\attoparser-2.0.7.RELEASE.jar;C:\Users\Admin\.m2\repository\org\unbescape\unbescape\1.1.6.RELEASE\unbescape-1.1.6.RELEASE.jar;C:\Users\Admin\.m2\repository\org\springframework\security\spring-security-core\6.0.7\spring-security-core-6.0.7.jar;C:\Users\Admin\.m2\repository\org\springframework\security\spring-security-crypto\6.0.6\spring-security-crypto-6.0.6.jar;C:\Users\Admin\.m2\repository\org\springframework\spring-aop\6.0.11\spring-aop-6.0.11.jar;C:\Users\Admin\.m2\repository\org\springframework\spring-beans\6.0.11\spring-beans-6.0.11.jar;C:\Users\Admin\.m2\repository\org\springframework\spring-context\6.0.11\spring-context-6.0.11.jar;C:\Users\Admin\.m2\repository\org\springframework\spring-expression\6.0.11\spring-expression-6.0.11.jar;C:\Users\Admin\.m2\repository\io\micrometer\micrometer-observation\1.10.10\micrometer-observation-1.10.10.jar;C:\Users\Admin\.m2\repository\io\micrometer\micrometer-commons\1.10.10\micrometer-commons-1.10.10.jar;C:\Users\Admin\.m2\repository\io\jsonwebtoken\jjwt-api\0.12.0\jjwt-api-0.12.0.jar;C:\Users\Admin\.m2\repository\javax\xml\bind\jaxb-api\2.3.0\jaxb-api-2.3.0.jar;C:\Users\Admin\.m2\repository\org\springframework\boot\spring-boot-starter-mail\2.5.6\spring-boot-starter-mail-2.5.6.jar;C:\Users\Admin\.m2\repository\org\springframework\spring-context-support\6.0.11\spring-context-support-6.0.11.jar;C:\Users\Admin\.m2\repository\com\sun\mail\jakarta.mail\1.6.7\jakarta.mail-1.6.7.jar;C:\Users\Admin\.m2\repository\com\sun\activation\jakarta.activation\1.2.1\jakarta.activation-1.2.1.jar;C:\Users\Admin\.m2\repository\org\springframework\boot\spring-boot-devtools\3.0.10\spring-boot-devtools-3.0.10.jar;C:\Users\Admin\.m2\repository\org\springframework\boot\spring-boot\3.0.10\spring-boot-3.0.10.jar;C:\Users\Admin\.m2\repository\org\springframework\boot\spring-boot-autoconfigure\3.0.10\spring-boot-autoconfigure-3.0.10.jar;C:\Users\Admin\.m2\repository\com\google\code\gson\gson\2.10.1\gson-2.10.1.jar;C:\Users\Admin\.m2\repository\com\squareup\okhttp3\okhttp\3.11.0\okhttp-3.11.0.jar;C:\Users\Admin\.m2\repository\com\squareup\okio\okio\1.14.0\okio-1.14.0.jar;C:\Users\Admin\.m2\repository\commons-codec\commons-codec\1.11\commons-codec-1.11.jar;C:\Users\Admin\.m2\repository\log4j\log4j\1.2.17\log4j-1.2.17.jar
Launcher Type: SUN_STANDARD

[Global flags]
     intx CICompilerCount                          = 3                                         {product} {ergonomic}
     uint ConcGCThreads                            = 1                                         {product} {ergonomic}
     uint G1ConcRefinementThreads                  = 4                                         {product} {ergonomic}
   size_t G1HeapRegionSize                         = 1048576                                   {product} {ergonomic}
    uintx GCDrainStackTargetSize                   = 64                                        {product} {ergonomic}
   size_t InitialHeapSize                          = 67108864                                  {product} {ergonomic}
     bool ManagementServer                         = true                                      {product} {command line}
   size_t MarkStackSize                            = 4194304                                   {product} {ergonomic}
   size_t MaxHeapSize                              = 1048576000                                {product} {ergonomic}
   size_t MaxNewSize                               = 629145600                                 {product} {ergonomic}
   size_t MinHeapDeltaBytes                        = 1048576                                   {product} {ergonomic}
   size_t MinHeapSize                              = 8388608                                   {product} {ergonomic}
    uintx NonProfiledCodeHeapSize                  = 0                                      {pd product} {ergonomic}
     bool ProfileInterpreter                       = false                                  {pd product} {command line}
    uintx ProfiledCodeHeapSize                     = 0                                      {pd product} {ergonomic}
   size_t SoftMaxHeapSize                          = 1048576000                             {manageable} {ergonomic}
     intx TieredStopAtLevel                        = 1                                         {product} {command line}
     bool UseCompressedClassPointers               = true                           {product lp64_product} {ergonomic}
     bool UseCompressedOops                        = true                           {product lp64_product} {ergonomic}
     bool UseG1GC                                  = true                                      {product} {ergonomic}
     bool UseLargePagesIndividualAllocation        = false                                  {pd product} {ergonomic}

Logging:
Log output configuration:
 #0: stdout all=warning uptime,level,tags foldmultilines=false
 #1: stderr all=off uptime,level,tags foldmultilines=false

Environment Variables:
JAVA_HOME=C:\Program Files\Java\jdk1.8.0_191
PATH=C:\Program Files\Common Files\Oracle\Java\javapath;C:\Program Files (x86)\Common Files\Oracle\Java\javapath;C:\ProgramData\Oracle\Java\javapath;C:\Windows\system32;C:\Windows;C:\Windows\System32\Wbem;C:\Windows\System32\WindowsPowerShell\v1.0\;C:\Program Files (x86)\NVIDIA Corporation\PhysX\Common;C:\WINDOWS\system32;C:\WINDOWS;C:\WINDOWS\System32\Wbem;C:\WINDOWS\System32\WindowsPowerShell\v1.0\;C:\WINDOWS\System32\OpenSSH\;C:\Program Files (x86)\Intel\Intel(R) Management Engine Components\DAL;C:\Program Files\Intel\Intel(R) Management Engine Components\DAL;C:\Program Files\Intel\WiFi\bin\;C:\Program Files\Common Files\Intel\WirelessCommon\;C:\Program Files (x86)\Microsoft SQL Server\100\Tools\Binn\;C:\Program Files (x86)\Microsoft SQL Server\100\DTS\Binn\;C:\Program Files\Microsoft SQL Server\Client SDK\ODBC\170\Tools\Binn\;C:\Program Files\Azure Data Studio\bin;C:\Program Files (x86)\Microsoft SQL Server\160\Tools\Binn\;C:\Program Files\Microsoft SQL Server\160\Tools\Binn\;C:\Program Files\Microsoft SQL Server\160\DTS\Binn\;C:\Program Files (x86)\Microsoft SQL Server\160\DTS\Binn\;C:\Program Files\dotnet\;D:\Git\cmd;C:\Program Files\Microsoft SQL Server\150\Tools\Binn\;C:\Program Files\Java\jdk1.8.0_191\bin;C:\Program Files\Java\jdk1.8.0_191\bin;C:\apache-maven-3.6.0\bin;C:\Users\Admin\AppData\Local\Microsoft\WindowsApps;;C:\Program Files\Azure Data Studio\bin;C:\Users\Admin\AppData\Local\Programs\Microsoft VS Code\bin;C:\Users\Admin\.dotnet\tools;D:\IntelliJ IDEA Community Edition 2023.2.2\bin;;D:\IntelliJ IDEA 2023.2.2\bin;
USERNAME=Admin
OS=Windows_NT
PROCESSOR_IDENTIFIER=Intel64 Family 6 Model 142 Stepping 9, GenuineIntel
TMP=C:\Users\Admin\AppData\Local\Temp
TEMP=C:\Users\Admin\AppData\Local\Temp




---------------  S Y S T E M  ---------------

OS:
 Windows 10 , 64 bit Build 19041 (10.0.19041.3570)
OS uptime: 0 days 19:27 hours

CPU: total 4 (initial active 4) (2 cores per cpu, 2 threads per core) family 6 model 142 stepping 9 microcode 0xde, cx8, cmov, fxsr, ht, mmx, 3dnowpref, sse, sse2, sse3, ssse3, sse4.1, sse4.2, popcnt, lzcnt, tsc, tscinvbit, avx, avx2, aes, erms, clmul, bmi1, bmi2, adx, fma, vzeroupper, clflush, clflushopt, rdtscp, f16c

Memory: 4k page, system-wide physical 3994M (287M free)
TotalPageFile size 12186M (AvailPageFile size 3M)
current process WorkingSet (physical memory assigned to process): 166M, peak: 166M
current process commit charge ("private bytes"): 201M, peak: 202M

vm_info: OpenJDK 64-Bit Server VM (20.0.2+9-78) for windows-amd64 JRE (20.0.2+9-78), built on 2023-06-14T10:08:48Z by "mach5one" with MS VC++ 17.1 (VS2022)

END.
